<?xml version="1.0" encoding="UTF-8"?>
<testsuite xmlns:xsi="http://www.w3.org/2001/XMLSchema-instance" xsi:noNamespaceSchemaLocation="https://maven.apache.org/surefire/maven-surefire-plugin/xsd/surefire-test-report.xsd" name="TestSuite" time="31.363" tests="12" errors="0" skipped="7" failures="4">
  <properties>
    <property name="java.specification.version" value="19"/>
    <property name="sun.jnu.encoding" value="UTF-8"/>
    <property name="java.class.path" value="/Users/jojozeufack/Desktop/ebanking/target/test-classes:/Users/jojozeufack/Desktop/ebanking/target/classes:/Users/jojozeufack/.m2/repository/org/junit/jupiter/junit-jupiter-engine/5.7.0/junit-jupiter-engine-5.7.0.jar:/Users/jojozeufack/.m2/repository/org/apiguardian/apiguardian-api/1.1.0/apiguardian-api-1.1.0.jar:/Users/jojozeufack/.m2/repository/org/junit/platform/junit-platform-engine/1.7.0/junit-platform-engine-1.7.0.jar:/Users/jojozeufack/.m2/repository/org/opentest4j/opentest4j/1.2.0/opentest4j-1.2.0.jar:/Users/jojozeufack/.m2/repository/org/junit/platform/junit-platform-commons/1.7.0/junit-platform-commons-1.7.0.jar:/Users/jojozeufack/.m2/repository/org/junit/jupiter/junit-jupiter-api/5.7.0/junit-jupiter-api-5.7.0.jar:/Users/jojozeufack/.m2/repository/org/testng/testng/7.1.0/testng-7.1.0.jar:/Users/jojozeufack/.m2/repository/com/beust/jcommander/1.72/jcommander-1.72.jar:/Users/jojozeufack/.m2/repository/com/google/inject/guice/4.1.0/guice-4.1.0-no_aop.jar:/Users/jojozeufack/.m2/repository/javax/inject/javax.inject/1/javax.inject-1.jar:/Users/jojozeufack/.m2/repository/aopalliance/aopalliance/1.0/aopalliance-1.0.jar:/Users/jojozeufack/.m2/repository/org/yaml/snakeyaml/1.21/snakeyaml-1.21.jar:/Users/jojozeufack/.m2/repository/org/seleniumhq/selenium/selenium-htmlunit-driver/2.52.0/selenium-htmlunit-driver-2.52.0.jar:/Users/jojozeufack/.m2/repository/org/seleniumhq/selenium/selenium-support/2.52.0/selenium-support-2.52.0.jar:/Users/jojozeufack/.m2/repository/net/sourceforge/htmlunit/htmlunit/2.18/htmlunit-2.18.jar:/Users/jojozeufack/.m2/repository/xalan/xalan/2.7.2/xalan-2.7.2.jar:/Users/jojozeufack/.m2/repository/xalan/serializer/2.7.2/serializer-2.7.2.jar:/Users/jojozeufack/.m2/repository/net/sourceforge/htmlunit/htmlunit-core-js/2.17/htmlunit-core-js-2.17.jar:/Users/jojozeufack/.m2/repository/xerces/xercesImpl/2.11.0/xercesImpl-2.11.0.jar:/Users/jojozeufack/.m2/repository/xml-apis/xml-apis/1.4.01/xml-apis-1.4.01.jar:/Users/jojozeufack/.m2/repository/net/sourceforge/nekohtml/nekohtml/1.9.22/nekohtml-1.9.22.jar:/Users/jojozeufack/.m2/repository/net/sourceforge/cssparser/cssparser/0.9.16/cssparser-0.9.16.jar:/Users/jojozeufack/.m2/repository/org/w3c/css/sac/1.3/sac-1.3.jar:/Users/jojozeufack/.m2/repository/org/eclipse/jetty/websocket/websocket-client/9.2.12.v20150709/websocket-client-9.2.12.v20150709.jar:/Users/jojozeufack/.m2/repository/org/eclipse/jetty/jetty-util/9.2.12.v20150709/jetty-util-9.2.12.v20150709.jar:/Users/jojozeufack/.m2/repository/org/eclipse/jetty/jetty-io/9.2.12.v20150709/jetty-io-9.2.12.v20150709.jar:/Users/jojozeufack/.m2/repository/org/eclipse/jetty/websocket/websocket-common/9.2.12.v20150709/websocket-common-9.2.12.v20150709.jar:/Users/jojozeufack/.m2/repository/org/eclipse/jetty/websocket/websocket-api/9.2.12.v20150709/websocket-api-9.2.12.v20150709.jar:/Users/jojozeufack/.m2/repository/commons-collections/commons-collections/3.2.2/commons-collections-3.2.2.jar:/Users/jojozeufack/.m2/repository/org/apache/httpcomponents/httpclient/4.5.1/httpclient-4.5.1.jar:/Users/jojozeufack/.m2/repository/org/apache/poi/poi/4.1.2/poi-4.1.2.jar:/Users/jojozeufack/.m2/repository/commons-codec/commons-codec/1.13/commons-codec-1.13.jar:/Users/jojozeufack/.m2/repository/org/apache/commons/commons-collections4/4.4/commons-collections4-4.4.jar:/Users/jojozeufack/.m2/repository/org/apache/commons/commons-math3/3.6.1/commons-math3-3.6.1.jar:/Users/jojozeufack/.m2/repository/com/zaxxer/SparseBitSet/1.2/SparseBitSet-1.2.jar:/Users/jojozeufack/.m2/repository/org/apache/poi/poi-ooxml/4.1.2/poi-ooxml-4.1.2.jar:/Users/jojozeufack/.m2/repository/org/apache/poi/poi-ooxml-schemas/4.1.2/poi-ooxml-schemas-4.1.2.jar:/Users/jojozeufack/.m2/repository/org/apache/xmlbeans/xmlbeans/3.1.0/xmlbeans-3.1.0.jar:/Users/jojozeufack/.m2/repository/org/apache/commons/commons-compress/1.19/commons-compress-1.19.jar:/Users/jojozeufack/.m2/repository/com/github/virtuald/curvesapi/1.06/curvesapi-1.06.jar:/Users/jojozeufack/.m2/repository/io/github/bonigarcia/webdrivermanager/4.4.3/webdrivermanager-4.4.3.jar:/Users/jojozeufack/.m2/repository/org/slf4j/slf4j-api/1.7.30/slf4j-api-1.7.30.jar:/Users/jojozeufack/.m2/repository/com/google/code/gson/gson/2.8.6/gson-2.8.6.jar:/Users/jojozeufack/.m2/repository/org/apache/httpcomponents/client5/httpclient5/5.0.3/httpclient5-5.0.3.jar:/Users/jojozeufack/.m2/repository/org/apache/httpcomponents/core5/httpcore5/5.0.2/httpcore5-5.0.2.jar:/Users/jojozeufack/.m2/repository/org/apache/httpcomponents/core5/httpcore5-h2/5.0.2/httpcore5-h2-5.0.2.jar:/Users/jojozeufack/.m2/repository/org/rauschig/jarchivelib/1.1.0/jarchivelib-1.1.0.jar:/Users/jojozeufack/.m2/repository/org/jsoup/jsoup/1.13.1/jsoup-1.13.1.jar:/Users/jojozeufack/.m2/repository/org/seleniumhq/selenium/selenium-java/3.14.0/selenium-java-3.14.0.jar:/Users/jojozeufack/.m2/repository/org/seleniumhq/selenium/selenium-api/3.14.0/selenium-api-3.14.0.jar:/Users/jojozeufack/.m2/repository/org/seleniumhq/selenium/selenium-ie-driver/3.14.0/selenium-ie-driver-3.14.0.jar:/Users/jojozeufack/.m2/repository/org/seleniumhq/selenium/selenium-opera-driver/3.14.0/selenium-opera-driver-3.14.0.jar:/Users/jojozeufack/.m2/repository/org/seleniumhq/selenium/selenium-remote-driver/3.14.0/selenium-remote-driver-3.14.0.jar:/Users/jojozeufack/.m2/repository/org/seleniumhq/selenium/selenium-safari-driver/3.14.0/selenium-safari-driver-3.14.0.jar:/Users/jojozeufack/.m2/repository/net/bytebuddy/byte-buddy/1.8.15/byte-buddy-1.8.15.jar:/Users/jojozeufack/.m2/repository/org/apache/commons/commons-exec/1.3/commons-exec-1.3.jar:/Users/jojozeufack/.m2/repository/commons-logging/commons-logging/1.2/commons-logging-1.2.jar:/Users/jojozeufack/.m2/repository/com/google/guava/guava/25.0-jre/guava-25.0-jre.jar:/Users/jojozeufack/.m2/repository/com/google/code/findbugs/jsr305/1.3.9/jsr305-1.3.9.jar:/Users/jojozeufack/.m2/repository/org/checkerframework/checker-compat-qual/2.0.0/checker-compat-qual-2.0.0.jar:/Users/jojozeufack/.m2/repository/com/google/errorprone/error_prone_annotations/2.1.3/error_prone_annotations-2.1.3.jar:/Users/jojozeufack/.m2/repository/com/google/j2objc/j2objc-annotations/1.1/j2objc-annotations-1.1.jar:/Users/jojozeufack/.m2/repository/org/codehaus/mojo/animal-sniffer-annotations/1.14/animal-sniffer-annotations-1.14.jar:/Users/jojozeufack/.m2/repository/org/apache/httpcomponents/httpcore/4.4.9/httpcore-4.4.9.jar:/Users/jojozeufack/.m2/repository/com/squareup/okhttp3/okhttp/3.10.0/okhttp-3.10.0.jar:/Users/jojozeufack/.m2/repository/com/squareup/okio/okio/1.14.1/okio-1.14.1.jar:/Users/jojozeufack/.m2/repository/org/seleniumhq/selenium/selenium-edge-driver/3.141.59/selenium-edge-driver-3.141.59.jar:/Users/jojozeufack/.m2/repository/org/seleniumhq/selenium/selenium-chrome-driver/3.141.59/selenium-chrome-driver-3.141.59.jar:/Users/jojozeufack/.m2/repository/org/seleniumhq/selenium/selenium-firefox-driver/3.141.59/selenium-firefox-driver-3.141.59.jar:/Users/jojozeufack/.m2/repository/ru/yandex/qatools/ashot/ashot/1.5.4/ashot-1.5.4.jar:/Users/jojozeufack/.m2/repository/org/hamcrest/hamcrest-core/1.3/hamcrest-core-1.3.jar:/Users/jojozeufack/.m2/repository/com/google/zxing/core/3.3.3/core-3.3.3.jar:/Users/jojozeufack/.m2/repository/com/google/zxing/javase/3.3.3/javase-3.3.3.jar:/Users/jojozeufack/.m2/repository/com/github/jai-imageio/jai-imageio-core/1.4.0/jai-imageio-core-1.4.0.jar:/Users/jojozeufack/.m2/repository/org/hamcrest/hamcrest-all/1.3/hamcrest-all-1.3.jar:/Users/jojozeufack/.m2/repository/mysql/mysql-connector-java/8.0.25/mysql-connector-java-8.0.25.jar:/Users/jojozeufack/.m2/repository/com/google/protobuf/protobuf-java/3.11.4/protobuf-java-3.11.4.jar:/Users/jojozeufack/.m2/repository/log4j/log4j/1.2.17/log4j-1.2.17.jar:/Users/jojozeufack/.m2/repository/com/aventstack/extentreports/3.1.2/extentreports-3.1.2.jar:/Users/jojozeufack/.m2/repository/org/freemarker/freemarker/2.3.23/freemarker-2.3.23.jar:/Users/jojozeufack/.m2/repository/org/mongodb/mongodb-driver/3.3.0/mongodb-driver-3.3.0.jar:/Users/jojozeufack/.m2/repository/org/mongodb/bson/3.3.0/bson-3.3.0.jar:/Users/jojozeufack/.m2/repository/org/mongodb/mongodb-driver-core/3.3.0/mongodb-driver-core-3.3.0.jar:/Users/jojozeufack/.m2/repository/org/apache/httpcomponents/httpmime/4.5.2/httpmime-4.5.2.jar:/Users/jojozeufack/.m2/repository/org/apache/commons/commons-lang3/3.11/commons-lang3-3.11.jar:/Users/jojozeufack/.m2/repository/commons-io/commons-io/2.4/commons-io-2.4.jar:/Users/jojozeufack/.m2/repository/com/github/stephenc/monte/monte-screen-recorder/0.7.7.0/monte-screen-recorder-0.7.7.0.jar:"/>
    <property name="java.vm.vendor" value="Oracle Corporation"/>
    <property name="sun.arch.data.model" value="64"/>
    <property name="java.vendor.url" value="https://java.oracle.com/"/>
    <property name="os.name" value="Mac OS X"/>
    <property name="java.vm.specification.version" value="19"/>
    <property name="sun.java.launcher" value="SUN_STANDARD"/>
    <property name="user.country" value="GB"/>
    <property name="sun.boot.library.path" value="/Users/jojozeufack/Library/Java/JavaVirtualMachines/openjdk-19.0.1/Contents/Home/lib"/>
    <property name="sun.java.command" value="/Users/jojozeufack/Desktop/ebanking/target/surefire/surefirebooter1865847974854048171.jar /Users/jojozeufack/Desktop/ebanking/target/surefire 2023-03-08T12-54-28_566-jvmRun1 surefire17548720591990321963tmp surefire_015003828688911010503tmp"/>
    <property name="http.nonProxyHosts" value="local|*.local|169.254/16|*.169.254/16"/>
    <property name="jdk.debug" value="release"/>
    <property name="surefire.test.class.path" value="/Users/jojozeufack/Desktop/ebanking/target/test-classes:/Users/jojozeufack/Desktop/ebanking/target/classes:/Users/jojozeufack/.m2/repository/org/junit/jupiter/junit-jupiter-engine/5.7.0/junit-jupiter-engine-5.7.0.jar:/Users/jojozeufack/.m2/repository/org/apiguardian/apiguardian-api/1.1.0/apiguardian-api-1.1.0.jar:/Users/jojozeufack/.m2/repository/org/junit/platform/junit-platform-engine/1.7.0/junit-platform-engine-1.7.0.jar:/Users/jojozeufack/.m2/repository/org/opentest4j/opentest4j/1.2.0/opentest4j-1.2.0.jar:/Users/jojozeufack/.m2/repository/org/junit/platform/junit-platform-commons/1.7.0/junit-platform-commons-1.7.0.jar:/Users/jojozeufack/.m2/repository/org/junit/jupiter/junit-jupiter-api/5.7.0/junit-jupiter-api-5.7.0.jar:/Users/jojozeufack/.m2/repository/org/testng/testng/7.1.0/testng-7.1.0.jar:/Users/jojozeufack/.m2/repository/com/beust/jcommander/1.72/jcommander-1.72.jar:/Users/jojozeufack/.m2/repository/com/google/inject/guice/4.1.0/guice-4.1.0-no_aop.jar:/Users/jojozeufack/.m2/repository/javax/inject/javax.inject/1/javax.inject-1.jar:/Users/jojozeufack/.m2/repository/aopalliance/aopalliance/1.0/aopalliance-1.0.jar:/Users/jojozeufack/.m2/repository/org/yaml/snakeyaml/1.21/snakeyaml-1.21.jar:/Users/jojozeufack/.m2/repository/org/seleniumhq/selenium/selenium-htmlunit-driver/2.52.0/selenium-htmlunit-driver-2.52.0.jar:/Users/jojozeufack/.m2/repository/org/seleniumhq/selenium/selenium-support/2.52.0/selenium-support-2.52.0.jar:/Users/jojozeufack/.m2/repository/net/sourceforge/htmlunit/htmlunit/2.18/htmlunit-2.18.jar:/Users/jojozeufack/.m2/repository/xalan/xalan/2.7.2/xalan-2.7.2.jar:/Users/jojozeufack/.m2/repository/xalan/serializer/2.7.2/serializer-2.7.2.jar:/Users/jojozeufack/.m2/repository/net/sourceforge/htmlunit/htmlunit-core-js/2.17/htmlunit-core-js-2.17.jar:/Users/jojozeufack/.m2/repository/xerces/xercesImpl/2.11.0/xercesImpl-2.11.0.jar:/Users/jojozeufack/.m2/repository/xml-apis/xml-apis/1.4.01/xml-apis-1.4.01.jar:/Users/jojozeufack/.m2/repository/net/sourceforge/nekohtml/nekohtml/1.9.22/nekohtml-1.9.22.jar:/Users/jojozeufack/.m2/repository/net/sourceforge/cssparser/cssparser/0.9.16/cssparser-0.9.16.jar:/Users/jojozeufack/.m2/repository/org/w3c/css/sac/1.3/sac-1.3.jar:/Users/jojozeufack/.m2/repository/org/eclipse/jetty/websocket/websocket-client/9.2.12.v20150709/websocket-client-9.2.12.v20150709.jar:/Users/jojozeufack/.m2/repository/org/eclipse/jetty/jetty-util/9.2.12.v20150709/jetty-util-9.2.12.v20150709.jar:/Users/jojozeufack/.m2/repository/org/eclipse/jetty/jetty-io/9.2.12.v20150709/jetty-io-9.2.12.v20150709.jar:/Users/jojozeufack/.m2/repository/org/eclipse/jetty/websocket/websocket-common/9.2.12.v20150709/websocket-common-9.2.12.v20150709.jar:/Users/jojozeufack/.m2/repository/org/eclipse/jetty/websocket/websocket-api/9.2.12.v20150709/websocket-api-9.2.12.v20150709.jar:/Users/jojozeufack/.m2/repository/commons-collections/commons-collections/3.2.2/commons-collections-3.2.2.jar:/Users/jojozeufack/.m2/repository/org/apache/httpcomponents/httpclient/4.5.1/httpclient-4.5.1.jar:/Users/jojozeufack/.m2/repository/org/apache/poi/poi/4.1.2/poi-4.1.2.jar:/Users/jojozeufack/.m2/repository/commons-codec/commons-codec/1.13/commons-codec-1.13.jar:/Users/jojozeufack/.m2/repository/org/apache/commons/commons-collections4/4.4/commons-collections4-4.4.jar:/Users/jojozeufack/.m2/repository/org/apache/commons/commons-math3/3.6.1/commons-math3-3.6.1.jar:/Users/jojozeufack/.m2/repository/com/zaxxer/SparseBitSet/1.2/SparseBitSet-1.2.jar:/Users/jojozeufack/.m2/repository/org/apache/poi/poi-ooxml/4.1.2/poi-ooxml-4.1.2.jar:/Users/jojozeufack/.m2/repository/org/apache/poi/poi-ooxml-schemas/4.1.2/poi-ooxml-schemas-4.1.2.jar:/Users/jojozeufack/.m2/repository/org/apache/xmlbeans/xmlbeans/3.1.0/xmlbeans-3.1.0.jar:/Users/jojozeufack/.m2/repository/org/apache/commons/commons-compress/1.19/commons-compress-1.19.jar:/Users/jojozeufack/.m2/repository/com/github/virtuald/curvesapi/1.06/curvesapi-1.06.jar:/Users/jojozeufack/.m2/repository/io/github/bonigarcia/webdrivermanager/4.4.3/webdrivermanager-4.4.3.jar:/Users/jojozeufack/.m2/repository/org/slf4j/slf4j-api/1.7.30/slf4j-api-1.7.30.jar:/Users/jojozeufack/.m2/repository/com/google/code/gson/gson/2.8.6/gson-2.8.6.jar:/Users/jojozeufack/.m2/repository/org/apache/httpcomponents/client5/httpclient5/5.0.3/httpclient5-5.0.3.jar:/Users/jojozeufack/.m2/repository/org/apache/httpcomponents/core5/httpcore5/5.0.2/httpcore5-5.0.2.jar:/Users/jojozeufack/.m2/repository/org/apache/httpcomponents/core5/httpcore5-h2/5.0.2/httpcore5-h2-5.0.2.jar:/Users/jojozeufack/.m2/repository/org/rauschig/jarchivelib/1.1.0/jarchivelib-1.1.0.jar:/Users/jojozeufack/.m2/repository/org/jsoup/jsoup/1.13.1/jsoup-1.13.1.jar:/Users/jojozeufack/.m2/repository/org/seleniumhq/selenium/selenium-java/3.14.0/selenium-java-3.14.0.jar:/Users/jojozeufack/.m2/repository/org/seleniumhq/selenium/selenium-api/3.14.0/selenium-api-3.14.0.jar:/Users/jojozeufack/.m2/repository/org/seleniumhq/selenium/selenium-ie-driver/3.14.0/selenium-ie-driver-3.14.0.jar:/Users/jojozeufack/.m2/repository/org/seleniumhq/selenium/selenium-opera-driver/3.14.0/selenium-opera-driver-3.14.0.jar:/Users/jojozeufack/.m2/repository/org/seleniumhq/selenium/selenium-remote-driver/3.14.0/selenium-remote-driver-3.14.0.jar:/Users/jojozeufack/.m2/repository/org/seleniumhq/selenium/selenium-safari-driver/3.14.0/selenium-safari-driver-3.14.0.jar:/Users/jojozeufack/.m2/repository/net/bytebuddy/byte-buddy/1.8.15/byte-buddy-1.8.15.jar:/Users/jojozeufack/.m2/repository/org/apache/commons/commons-exec/1.3/commons-exec-1.3.jar:/Users/jojozeufack/.m2/repository/commons-logging/commons-logging/1.2/commons-logging-1.2.jar:/Users/jojozeufack/.m2/repository/com/google/guava/guava/25.0-jre/guava-25.0-jre.jar:/Users/jojozeufack/.m2/repository/com/google/code/findbugs/jsr305/1.3.9/jsr305-1.3.9.jar:/Users/jojozeufack/.m2/repository/org/checkerframework/checker-compat-qual/2.0.0/checker-compat-qual-2.0.0.jar:/Users/jojozeufack/.m2/repository/com/google/errorprone/error_prone_annotations/2.1.3/error_prone_annotations-2.1.3.jar:/Users/jojozeufack/.m2/repository/com/google/j2objc/j2objc-annotations/1.1/j2objc-annotations-1.1.jar:/Users/jojozeufack/.m2/repository/org/codehaus/mojo/animal-sniffer-annotations/1.14/animal-sniffer-annotations-1.14.jar:/Users/jojozeufack/.m2/repository/org/apache/httpcomponents/httpcore/4.4.9/httpcore-4.4.9.jar:/Users/jojozeufack/.m2/repository/com/squareup/okhttp3/okhttp/3.10.0/okhttp-3.10.0.jar:/Users/jojozeufack/.m2/repository/com/squareup/okio/okio/1.14.1/okio-1.14.1.jar:/Users/jojozeufack/.m2/repository/org/seleniumhq/selenium/selenium-edge-driver/3.141.59/selenium-edge-driver-3.141.59.jar:/Users/jojozeufack/.m2/repository/org/seleniumhq/selenium/selenium-chrome-driver/3.141.59/selenium-chrome-driver-3.141.59.jar:/Users/jojozeufack/.m2/repository/org/seleniumhq/selenium/selenium-firefox-driver/3.141.59/selenium-firefox-driver-3.141.59.jar:/Users/jojozeufack/.m2/repository/ru/yandex/qatools/ashot/ashot/1.5.4/ashot-1.5.4.jar:/Users/jojozeufack/.m2/repository/org/hamcrest/hamcrest-core/1.3/hamcrest-core-1.3.jar:/Users/jojozeufack/.m2/repository/com/google/zxing/core/3.3.3/core-3.3.3.jar:/Users/jojozeufack/.m2/repository/com/google/zxing/javase/3.3.3/javase-3.3.3.jar:/Users/jojozeufack/.m2/repository/com/github/jai-imageio/jai-imageio-core/1.4.0/jai-imageio-core-1.4.0.jar:/Users/jojozeufack/.m2/repository/org/hamcrest/hamcrest-all/1.3/hamcrest-all-1.3.jar:/Users/jojozeufack/.m2/repository/mysql/mysql-connector-java/8.0.25/mysql-connector-java-8.0.25.jar:/Users/jojozeufack/.m2/repository/com/google/protobuf/protobuf-java/3.11.4/protobuf-java-3.11.4.jar:/Users/jojozeufack/.m2/repository/log4j/log4j/1.2.17/log4j-1.2.17.jar:/Users/jojozeufack/.m2/repository/com/aventstack/extentreports/3.1.2/extentreports-3.1.2.jar:/Users/jojozeufack/.m2/repository/org/freemarker/freemarker/2.3.23/freemarker-2.3.23.jar:/Users/jojozeufack/.m2/repository/org/mongodb/mongodb-driver/3.3.0/mongodb-driver-3.3.0.jar:/Users/jojozeufack/.m2/repository/org/mongodb/bson/3.3.0/bson-3.3.0.jar:/Users/jojozeufack/.m2/repository/org/mongodb/mongodb-driver-core/3.3.0/mongodb-driver-core-3.3.0.jar:/Users/jojozeufack/.m2/repository/org/apache/httpcomponents/httpmime/4.5.2/httpmime-4.5.2.jar:/Users/jojozeufack/.m2/repository/org/apache/commons/commons-lang3/3.11/commons-lang3-3.11.jar:/Users/jojozeufack/.m2/repository/commons-io/commons-io/2.4/commons-io-2.4.jar:/Users/jojozeufack/.m2/repository/com/github/stephenc/monte/monte-screen-recorder/0.7.7.0/monte-screen-recorder-0.7.7.0.jar:"/>
    <property name="sun.cpu.endian" value="little"/>
    <property name="user.home" value="/Users/jojozeufack"/>
    <property name="user.language" value="en"/>
    <property name="java.specification.vendor" value="Oracle Corporation"/>
    <property name="java.version.date" value="2022-10-18"/>
    <property name="java.home" value="/Users/jojozeufack/Library/Java/JavaVirtualMachines/openjdk-19.0.1/Contents/Home"/>
    <property name="file.separator" value="/"/>
    <property name="basedir" value="/Users/jojozeufack/Desktop/ebanking"/>
    <property name="java.vm.compressedOopsMode" value="Zero based"/>
    <property name="line.separator" value="&#10;"/>
    <property name="java.vm.specification.vendor" value="Oracle Corporation"/>
    <property name="java.specification.name" value="Java Platform API Specification"/>
    <property name="apple.awt.application.name" value="ForkedBooter"/>
    <property name="surefire.real.class.path" value="/Users/jojozeufack/Desktop/ebanking/target/surefire/surefirebooter1865847974854048171.jar"/>
    <property name="sun.management.compiler" value="HotSpot 64-Bit Tiered Compilers"/>
    <property name="ftp.nonProxyHosts" value="local|*.local|169.254/16|*.169.254/16"/>
    <property name="java.runtime.version" value="19.0.1+10-21"/>
    <property name="user.name" value="jojozeufack"/>
    <property name="stdout.encoding" value="UTF-8"/>
    <property name="path.separator" value=":"/>
    <property name="os.version" value="13.2.1"/>
    <property name="java.runtime.name" value="OpenJDK Runtime Environment"/>
    <property name="file.encoding" value="UTF-8"/>
    <property name="java.vm.name" value="OpenJDK 64-Bit Server VM"/>
    <property name="localRepository" value="/Users/jojozeufack/.m2/repository"/>
    <property name="java.vendor.url.bug" value="https://bugreport.java.com/bugreport/"/>
    <property name="java.io.tmpdir" value="/var/folders/q8/qr6dk2915_d3szxdfnwhzrfc0000gn/T/"/>
    <property name="idea.version" value="2022.2.4"/>
    <property name="java.version" value="19.0.1"/>
    <property name="user.dir" value="/Users/jojozeufack/Desktop/ebanking"/>
    <property name="os.arch" value="x86_64"/>
    <property name="java.vm.specification.name" value="Java Virtual Machine Specification"/>
    <property name="native.encoding" value="UTF-8"/>
    <property name="java.library.path" value="/Users/jojozeufack/Library/Java/Extensions:/Library/Java/Extensions:/Network/Library/Java/Extensions:/System/Library/Java/Extensions:/usr/lib/java:."/>
    <property name="java.vm.info" value="mixed mode, sharing"/>
    <property name="stderr.encoding" value="UTF-8"/>
    <property name="java.vendor" value="Oracle Corporation"/>
    <property name="java.vm.version" value="19.0.1+10-21"/>
    <property name="sun.io.unicode.encoding" value="UnicodeBig"/>
    <property name="socksNonProxyHosts" value="local|*.local|169.254/16|*.169.254/16"/>
    <property name="java.class.version" value="63.0"/>
  </properties>
  <testcase name="setup" classname="TC.TCLoginTest001" time="8.152">
    <failure message="session not created: This version of ChromeDriver only supports Chrome version 109&#10;Current browser version is 111.0.5563.64 with binary path /Applications/Google Chrome.app/Contents/MacOS/Google Chrome&#10;Build info: version: &apos;3.14.0&apos;, revision: &apos;aacccce0&apos;, time: &apos;2018-08-02T20:19:58.91Z&apos;&#10;System info: host: &apos;jojos-MBP.homenet.telecomitalia.it&apos;, ip: &apos;fe80:0:0:0:4bf:396e:8496:d2f4%en0&apos;, os.name: &apos;Mac OS X&apos;, os.arch: &apos;x86_64&apos;, os.version: &apos;13.2.1&apos;, java.version: &apos;19.0.1&apos;&#10;Driver info: driver.version: ChromeDriver&#10;remote stacktrace: 0   chromedriver                        0x0000000102f13fa8 chromedriver + 4886440&#10;1   chromedriver                        0x0000000102e91643 chromedriver + 4351555&#10;2   chromedriver                        0x0000000102adfb27 chromedriver + 477991&#10;3   chromedriver                        0x0000000102b11659 chromedriver + 681561&#10;4   chromedriver                        0x0000000102b0c3bb chromedriver + 660411&#10;5   chromedriver                        0x0000000102b08712 chromedriver + 644882&#10;6   chromedriver                        0x0000000102b53bd7 chromedriver + 953303&#10;7   chromedriver                        0x0000000102b4a3a3 chromedriver + 914339&#10;8   chromedriver                        0x0000000102b1457f chromedriver + 693631&#10;9   chromedriver                        0x0000000102b15b1e chromedriver + 699166&#10;10  chromedriver                        0x0000000102ee0b9e chromedriver + 4676510&#10;11  chromedriver                        0x0000000102ee591e chromedriver + 4696350&#10;12  chromedriver                        0x0000000102eed19f chromedriver + 4727199&#10;13  chromedriver                        0x0000000102ee681a chromedriver + 4700186&#10;14  chromedriver                        0x0000000102eb9a62 chromedriver + 4516450&#10;15  chromedriver                        0x0000000102f058c8 chromedriver + 4827336&#10;16  chromedriver                        0x0000000102f05a45 chromedriver + 4827717&#10;17  chromedriver                        0x0000000102f1b7ef chromedriver + 4917231&#10;18  libsystem_pthread.dylib             0x00007ff80592c259 _pthread_start + 125&#10;19  libsystem_pthread.dylib             0x00007ff805927c7b thread_start + 15&#10;" type="org.openqa.selenium.SessionNotCreatedException">org.openqa.selenium.SessionNotCreatedException: 
session not created: This version of ChromeDriver only supports Chrome version 109
Current browser version is 111.0.5563.64 with binary path /Applications/Google Chrome.app/Contents/MacOS/Google Chrome
Build info: version: '3.14.0', revision: 'aacccce0', time: '2018-08-02T20:19:58.91Z'
System info: host: 'jojos-MBP.homenet.telecomitalia.it', ip: 'fe80:0:0:0:4bf:396e:8496:d2f4%en0', os.name: 'Mac OS X', os.arch: 'x86_64', os.version: '13.2.1', java.version: '19.0.1'
Driver info: driver.version: ChromeDriver
remote stacktrace: 0   chromedriver                        0x0000000102f13fa8 chromedriver + 4886440
1   chromedriver                        0x0000000102e91643 chromedriver + 4351555
2   chromedriver                        0x0000000102adfb27 chromedriver + 477991
3   chromedriver                        0x0000000102b11659 chromedriver + 681561
4   chromedriver                        0x0000000102b0c3bb chromedriver + 660411
5   chromedriver                        0x0000000102b08712 chromedriver + 644882
6   chromedriver                        0x0000000102b53bd7 chromedriver + 953303
7   chromedriver                        0x0000000102b4a3a3 chromedriver + 914339
8   chromedriver                        0x0000000102b1457f chromedriver + 693631
9   chromedriver                        0x0000000102b15b1e chromedriver + 699166
10  chromedriver                        0x0000000102ee0b9e chromedriver + 4676510
11  chromedriver                        0x0000000102ee591e chromedriver + 4696350
12  chromedriver                        0x0000000102eed19f chromedriver + 4727199
13  chromedriver                        0x0000000102ee681a chromedriver + 4700186
14  chromedriver                        0x0000000102eb9a62 chromedriver + 4516450
15  chromedriver                        0x0000000102f058c8 chromedriver + 4827336
16  chromedriver                        0x0000000102f05a45 chromedriver + 4827717
17  chromedriver                        0x0000000102f1b7ef chromedriver + 4917231
18  libsystem_pthread.dylib             0x00007ff80592c259 _pthread_start + 125
19  libsystem_pthread.dylib             0x00007ff805927c7b thread_start + 15

</failure>
    <system-out><![CDATA[[TestNG] [WARN] Ignoring duplicate listener : Utilities.Reporting
]]></system-out>
    <system-err><![CDATA[Starting ChromeDriver 109.0.5414.74 (e7c5703604daa9cc128ccf5a5d3e993513758913-refs/branch-heads/5414@{#1172}) on port 30975
Only local connections are allowed.
Please see https://chromedriver.chromium.org/security-considerations for suggestions on keeping ChromeDriver safe.
ChromeDriver was started successfully.
]]></system-err>
  </testcase>
  <testcase name="loginTest" classname="TC.TCLoginTest001" time="0">
    <skipped message="session not created: This version of ChromeDriver only supports Chrome version 109&#10;Current browser version is 111.0.5563.64 with binary path /Applications/Google Chrome.app/Contents/MacOS/Google Chrome&#10;Build info: version: &apos;3.14.0&apos;, revision: &apos;aacccce0&apos;, time: &apos;2018-08-02T20:19:58.91Z&apos;&#10;System info: host: &apos;jojos-MBP.homenet.telecomitalia.it&apos;, ip: &apos;fe80:0:0:0:4bf:396e:8496:d2f4%en0&apos;, os.name: &apos;Mac OS X&apos;, os.arch: &apos;x86_64&apos;, os.version: &apos;13.2.1&apos;, java.version: &apos;19.0.1&apos;&#10;Driver info: driver.version: ChromeDriver&#10;remote stacktrace: 0   chromedriver                        0x0000000102f13fa8 chromedriver + 4886440&#10;1   chromedriver                        0x0000000102e91643 chromedriver + 4351555&#10;2   chromedriver                        0x0000000102adfb27 chromedriver + 477991&#10;3   chromedriver                        0x0000000102b11659 chromedriver + 681561&#10;4   chromedriver                        0x0000000102b0c3bb chromedriver + 660411&#10;5   chromedriver                        0x0000000102b08712 chromedriver + 644882&#10;6   chromedriver                        0x0000000102b53bd7 chromedriver + 953303&#10;7   chromedriver                        0x0000000102b4a3a3 chromedriver + 914339&#10;8   chromedriver                        0x0000000102b1457f chromedriver + 693631&#10;9   chromedriver                        0x0000000102b15b1e chromedriver + 699166&#10;10  chromedriver                        0x0000000102ee0b9e chromedriver + 4676510&#10;11  chromedriver                        0x0000000102ee591e chromedriver + 4696350&#10;12  chromedriver                        0x0000000102eed19f chromedriver + 4727199&#10;13  chromedriver                        0x0000000102ee681a chromedriver + 4700186&#10;14  chromedriver                        0x0000000102eb9a62 chromedriver + 4516450&#10;15  chromedriver                        0x0000000102f058c8 chromedriver + 4827336&#10;16  chromedriver                        0x0000000102f05a45 chromedriver + 4827717&#10;17  chromedriver                        0x0000000102f1b7ef chromedriver + 4917231&#10;18  libsystem_pthread.dylib             0x00007ff80592c259 _pthread_start + 125&#10;19  libsystem_pthread.dylib             0x00007ff805927c7b thread_start + 15&#10;"/>
  </testcase>
  <testcase name="loginTest" classname="TC.TCLoginTest001" time="0.115"/>
  <testcase name="tearDown" classname="TC.TCLoginTest001" time="0">
    <skipped/>
  </testcase>
  <testcase name="setup" classname="TC.TC_LoginDDT_002" time="1.845">
    <failure message="session not created: This version of ChromeDriver only supports Chrome version 109&#10;Current browser version is 111.0.5563.64 with binary path /Applications/Google Chrome.app/Contents/MacOS/Google Chrome&#10;Build info: version: &apos;3.14.0&apos;, revision: &apos;aacccce0&apos;, time: &apos;2018-08-02T20:19:58.91Z&apos;&#10;System info: host: &apos;jojos-MBP.homenet.telecomitalia.it&apos;, ip: &apos;fe80:0:0:0:4bf:396e:8496:d2f4%en0&apos;, os.name: &apos;Mac OS X&apos;, os.arch: &apos;x86_64&apos;, os.version: &apos;13.2.1&apos;, java.version: &apos;19.0.1&apos;&#10;Driver info: driver.version: ChromeDriver&#10;remote stacktrace: 0   chromedriver                        0x000000010e7a3fa8 chromedriver + 4886440&#10;1   chromedriver                        0x000000010e721643 chromedriver + 4351555&#10;2   chromedriver                        0x000000010e36fb27 chromedriver + 477991&#10;3   chromedriver                        0x000000010e3a1659 chromedriver + 681561&#10;4   chromedriver                        0x000000010e39c3bb chromedriver + 660411&#10;5   chromedriver                        0x000000010e398712 chromedriver + 644882&#10;6   chromedriver                        0x000000010e3e3bd7 chromedriver + 953303&#10;7   chromedriver                        0x000000010e3da3a3 chromedriver + 914339&#10;8   chromedriver                        0x000000010e3a457f chromedriver + 693631&#10;9   chromedriver                        0x000000010e3a5b1e chromedriver + 699166&#10;10  chromedriver                        0x000000010e770b9e chromedriver + 4676510&#10;11  chromedriver                        0x000000010e77591e chromedriver + 4696350&#10;12  chromedriver                        0x000000010e77d19f chromedriver + 4727199&#10;13  chromedriver                        0x000000010e77681a chromedriver + 4700186&#10;14  chromedriver                        0x000000010e749a62 chromedriver + 4516450&#10;15  chromedriver                        0x000000010e7958c8 chromedriver + 4827336&#10;16  chromedriver                        0x000000010e795a45 chromedriver + 4827717&#10;17  chromedriver                        0x000000010e7ab7ef chromedriver + 4917231&#10;18  libsystem_pthread.dylib             0x00007ff80592c259 _pthread_start + 125&#10;19  libsystem_pthread.dylib             0x00007ff805927c7b thread_start + 15&#10;" type="org.openqa.selenium.SessionNotCreatedException">org.openqa.selenium.SessionNotCreatedException: 
session not created: This version of ChromeDriver only supports Chrome version 109
Current browser version is 111.0.5563.64 with binary path /Applications/Google Chrome.app/Contents/MacOS/Google Chrome
Build info: version: '3.14.0', revision: 'aacccce0', time: '2018-08-02T20:19:58.91Z'
System info: host: 'jojos-MBP.homenet.telecomitalia.it', ip: 'fe80:0:0:0:4bf:396e:8496:d2f4%en0', os.name: 'Mac OS X', os.arch: 'x86_64', os.version: '13.2.1', java.version: '19.0.1'
Driver info: driver.version: ChromeDriver
remote stacktrace: 0   chromedriver                        0x000000010e7a3fa8 chromedriver + 4886440
1   chromedriver                        0x000000010e721643 chromedriver + 4351555
2   chromedriver                        0x000000010e36fb27 chromedriver + 477991
3   chromedriver                        0x000000010e3a1659 chromedriver + 681561
4   chromedriver                        0x000000010e39c3bb chromedriver + 660411
5   chromedriver                        0x000000010e398712 chromedriver + 644882
6   chromedriver                        0x000000010e3e3bd7 chromedriver + 953303
7   chromedriver                        0x000000010e3da3a3 chromedriver + 914339
8   chromedriver                        0x000000010e3a457f chromedriver + 693631
9   chromedriver                        0x000000010e3a5b1e chromedriver + 699166
10  chromedriver                        0x000000010e770b9e chromedriver + 4676510
11  chromedriver                        0x000000010e77591e chromedriver + 4696350
12  chromedriver                        0x000000010e77d19f chromedriver + 4727199
13  chromedriver                        0x000000010e77681a chromedriver + 4700186
14  chromedriver                        0x000000010e749a62 chromedriver + 4516450
15  chromedriver                        0x000000010e7958c8 chromedriver + 4827336
16  chromedriver                        0x000000010e795a45 chromedriver + 4827717
17  chromedriver                        0x000000010e7ab7ef chromedriver + 4917231
18  libsystem_pthread.dylib             0x00007ff80592c259 _pthread_start + 125
19  libsystem_pthread.dylib             0x00007ff805927c7b thread_start + 15

</failure>
    <system-err><![CDATA[Starting ChromeDriver 109.0.5414.74 (e7c5703604daa9cc128ccf5a5d3e993513758913-refs/branch-heads/5414@{#1172}) on port 27344
Only local connections are allowed.
Please see https://chromedriver.chromium.org/security-considerations for suggestions on keeping ChromeDriver safe.
ChromeDriver was started successfully.
]]></system-err>
  </testcase>
  <testcase name="loginDDT" classname="TC.TC_LoginDDT_002" time="0">
    <skipped message="java.io.FileNotFoundException: /Users/jojozeufack/Desktop/ebanking\src\test\java\TestData\LoginData.xlsx (No such file or directory)"/>
    <system-err><![CDATA[[Utils] [ERROR] [Error] java.io.FileNotFoundException: /Users/jojozeufack/Desktop/ebanking\src\test\java\TestData\LoginData.xlsx (No such file or directory)
	at java.base/java.io.FileInputStream.open0(Native Method)
	at java.base/java.io.FileInputStream.open(FileInputStream.java:219)
	at java.base/java.io.FileInputStream.&lt;init&gt;(FileInputStream.java:158)
	at java.base/java.io.FileInputStream.&lt;init&gt;(FileInputStream.java:112)
	at Utilities.XLUtils.getRowCount(XLUtils.java:24)
	at TC.TC_LoginDDT_002.getData(TC_LoginDDT_002.java:53)
	at java.base/jdk.internal.reflect.DirectMethodHandleAccessor.invoke(DirectMethodHandleAccessor.java:104)
	at java.base/java.lang.reflect.Method.invoke(Method.java:578)
	at org.testng.internal.MethodInvocationHelper.invokeMethod(MethodInvocationHelper.java:134)
	at org.testng.internal.MethodInvocationHelper.invokeMethod(MethodInvocationHelper.java:78)
	at org.testng.internal.MethodInvocationHelper.invokeMethodNoCheckedException(MethodInvocationHelper.java:47)
	at org.testng.internal.MethodInvocationHelper.invokeDataProvider(MethodInvocationHelper.java:147)
	at org.testng.internal.Parameters.handleParameters(Parameters.java:801)
	at org.testng.internal.Parameters.handleParameters(Parameters.java:744)
	at org.testng.internal.ParameterHandler.handleParameters(ParameterHandler.java:59)
	at org.testng.internal.ParameterHandler.createParameters(ParameterHandler.java:38)
	at org.testng.internal.TestInvoker$MethodInvocationAgent.invoke(TestInvoker.java:783)
	at org.testng.internal.TestInvoker.invokeTestMethods(TestInvoker.java:146)
	at org.testng.internal.TestMethodWorker.invokeTestMethods(TestMethodWorker.java:146)
	at org.testng.internal.TestMethodWorker.run(TestMethodWorker.java:128)
	at java.base/java.util.ArrayList.forEach(ArrayList.java:1511)
	at org.testng.TestRunner.privateRun(TestRunner.java:766)
	at org.testng.TestRunner.run(TestRunner.java:587)
	at org.testng.SuiteRunner.runTest(SuiteRunner.java:384)
	at org.testng.SuiteRunner.runSequentially(SuiteRunner.java:378)
	at org.testng.SuiteRunner.privateRun(SuiteRunner.java:337)
	at org.testng.SuiteRunner.run(SuiteRunner.java:286)
	at org.testng.SuiteRunnerWorker.runSuite(SuiteRunnerWorker.java:53)
	at org.testng.SuiteRunnerWorker.run(SuiteRunnerWorker.java:96)
	at org.testng.TestNG.runSuitesSequentially(TestNG.java:1187)
	at org.testng.TestNG.runSuitesLocally(TestNG.java:1109)
	at org.testng.TestNG.runSuites(TestNG.java:1039)
	at org.testng.TestNG.run(TestNG.java:1007)
	at org.apache.maven.surefire.testng.TestNGExecutor.run(TestNGExecutor.java:283)
	at org.apache.maven.surefire.testng.TestNGXmlTestSuite.execute(TestNGXmlTestSuite.java:75)
	at org.apache.maven.surefire.testng.TestNGProvider.invoke(TestNGProvider.java:120)
	at org.apache.maven.surefire.booter.ForkedBooter.invokeProviderInSameClassLoader(ForkedBooter.java:384)
	at org.apache.maven.surefire.booter.ForkedBooter.runSuitesInProcess(ForkedBooter.java:345)
	at org.apache.maven.surefire.booter.ForkedBooter.execute(ForkedBooter.java:126)
	at org.apache.maven.surefire.booter.ForkedBooter.main(ForkedBooter.java:418)

]]></system-err>
  </testcase>
  <testcase name="loginDDT" classname="TC.TC_LoginDDT_002" time="0">
    <skipped message="java.io.FileNotFoundException: /Users/jojozeufack/Desktop/ebanking\src\test\java\TestData\LoginData.xlsx (No such file or directory)"/>
    <system-err><![CDATA[1678276485886	Marionette	INFO	Stopped listening on port 62161
1678276486443	geckodriver	INFO	Listening on 127.0.0.1:3644
1678276486451	mozrunner::runner	INFO	Running command: "/Applications/Firefox.app/Contents/MacOS/firefox-bin" "--marionette" "-foreground" "-no-remote" "-profile" "/var/folders/q8/qr6dk2915_d3szxdfnwhzrfc0000gn/T/rust_mozprofileVY0VkQ"
console.warn: services.settings: Ignoring preference override of remote settings server
console.warn: services.settings: Allow by setting MOZ_REMOTE_SETTINGS_DEVTOOLS=1 in the environment
1678276486996	Marionette	INFO	Marionette enabled
1678276487089	Marionette	INFO	Listening on port 62288
Read port: 62288
1678276487384	RemoteAgent	WARN	TLS certificate errors will be ignored for this session
console.warn: SearchSettings: "get: No settings file exists, new profile?" (new NotFoundError("Could not open the file at /var/folders/q8/qr6dk2915_d3szxdfnwhzrfc0000gn/T/rust_mozprofileVY0VkQ/search.json.mozlz4", (void 0)))
Mar 08, 2023 12:54:49 PM org.openqa.selenium.remote.ProtocolHandshake createSession
INFO: Detected dialect: W3C
[Utils] [ERROR] [Error] java.io.FileNotFoundException: /Users/jojozeufack/Desktop/ebanking\src\test\java\TestData\LoginData.xlsx (No such file or directory)
	at java.base/java.io.FileInputStream.open0(Native Method)
	at java.base/java.io.FileInputStream.open(FileInputStream.java:219)
	at java.base/java.io.FileInputStream.&lt;init&gt;(FileInputStream.java:158)
	at java.base/java.io.FileInputStream.&lt;init&gt;(FileInputStream.java:112)
	at Utilities.XLUtils.getRowCount(XLUtils.java:24)
	at TC.TC_LoginDDT_002.getData(TC_LoginDDT_002.java:53)
	at java.base/jdk.internal.reflect.DirectMethodHandleAccessor.invoke(DirectMethodHandleAccessor.java:104)
	at java.base/java.lang.reflect.Method.invoke(Method.java:578)
	at org.testng.internal.MethodInvocationHelper.invokeMethod(MethodInvocationHelper.java:134)
	at org.testng.internal.MethodInvocationHelper.invokeMethod(MethodInvocationHelper.java:78)
	at org.testng.internal.MethodInvocationHelper.invokeMethodNoCheckedException(MethodInvocationHelper.java:47)
	at org.testng.internal.MethodInvocationHelper.invokeDataProvider(MethodInvocationHelper.java:147)
	at org.testng.internal.Parameters.handleParameters(Parameters.java:801)
	at org.testng.internal.Parameters.handleParameters(Parameters.java:744)
	at org.testng.internal.ParameterHandler.handleParameters(ParameterHandler.java:59)
	at org.testng.internal.ParameterHandler.createParameters(ParameterHandler.java:38)
	at org.testng.internal.TestInvoker$MethodInvocationAgent.invoke(TestInvoker.java:783)
	at org.testng.internal.TestInvoker.invokeTestMethods(TestInvoker.java:146)
	at org.testng.internal.TestMethodWorker.invokeTestMethods(TestMethodWorker.java:146)
	at org.testng.internal.TestMethodWorker.run(TestMethodWorker.java:128)
	at java.base/java.util.ArrayList.forEach(ArrayList.java:1511)
	at org.testng.TestRunner.privateRun(TestRunner.java:766)
	at org.testng.TestRunner.run(TestRunner.java:587)
	at org.testng.SuiteRunner.runTest(SuiteRunner.java:384)
	at org.testng.SuiteRunner.runSequentially(SuiteRunner.java:378)
	at org.testng.SuiteRunner.privateRun(SuiteRunner.java:337)
	at org.testng.SuiteRunner.run(SuiteRunner.java:286)
	at org.testng.SuiteRunnerWorker.runSuite(SuiteRunnerWorker.java:53)
	at org.testng.SuiteRunnerWorker.run(SuiteRunnerWorker.java:96)
	at org.testng.TestNG.runSuitesSequentially(TestNG.java:1187)
	at org.testng.TestNG.runSuitesLocally(TestNG.java:1109)
	at org.testng.TestNG.runSuites(TestNG.java:1039)
	at org.testng.TestNG.run(TestNG.java:1007)
	at org.apache.maven.surefire.testng.TestNGExecutor.run(TestNGExecutor.java:283)
	at org.apache.maven.surefire.testng.TestNGXmlTestSuite.execute(TestNGXmlTestSuite.java:75)
	at org.apache.maven.surefire.testng.TestNGProvider.invoke(TestNGProvider.java:120)
	at org.apache.maven.surefire.booter.ForkedBooter.invokeProviderInSameClassLoader(ForkedBooter.java:384)
	at org.apache.maven.surefire.booter.ForkedBooter.runSuitesInProcess(ForkedBooter.java:345)
	at org.apache.maven.surefire.booter.ForkedBooter.execute(ForkedBooter.java:126)
	at org.apache.maven.surefire.booter.ForkedBooter.main(ForkedBooter.java:418)

]]></system-err>
  </testcase>
  <testcase name="tearDown" classname="TC.TC_LoginDDT_002" time="0">
    <skipped/>
  </testcase>
  <testcase name="setup" classname="TC.TC_AddCustomerTest_003" time="3.673">
    <failure message="session not created: This version of ChromeDriver only supports Chrome version 109&#10;Current browser version is 111.0.5563.64 with binary path /Applications/Google Chrome.app/Contents/MacOS/Google Chrome&#10;Build info: version: &apos;3.14.0&apos;, revision: &apos;aacccce0&apos;, time: &apos;2018-08-02T20:19:58.91Z&apos;&#10;System info: host: &apos;jojos-MBP.homenet.telecomitalia.it&apos;, ip: &apos;fe80:0:0:0:4bf:396e:8496:d2f4%en0&apos;, os.name: &apos;Mac OS X&apos;, os.arch: &apos;x86_64&apos;, os.version: &apos;13.2.1&apos;, java.version: &apos;19.0.1&apos;&#10;Driver info: driver.version: ChromeDriver&#10;remote stacktrace: 0   chromedriver                        0x000000010b559fa8 chromedriver + 4886440&#10;1   chromedriver                        0x000000010b4d7643 chromedriver + 4351555&#10;2   chromedriver                        0x000000010b125b27 chromedriver + 477991&#10;3   chromedriver                        0x000000010b157659 chromedriver + 681561&#10;4   chromedriver                        0x000000010b1523bb chromedriver + 660411&#10;5   chromedriver                        0x000000010b14e712 chromedriver + 644882&#10;6   chromedriver                        0x000000010b199bd7 chromedriver + 953303&#10;7   chromedriver                        0x000000010b1903a3 chromedriver + 914339&#10;8   chromedriver                        0x000000010b15a57f chromedriver + 693631&#10;9   chromedriver                        0x000000010b15bb1e chromedriver + 699166&#10;10  chromedriver                        0x000000010b526b9e chromedriver + 4676510&#10;11  chromedriver                        0x000000010b52b91e chromedriver + 4696350&#10;12  chromedriver                        0x000000010b53319f chromedriver + 4727199&#10;13  chromedriver                        0x000000010b52c81a chromedriver + 4700186&#10;14  chromedriver                        0x000000010b4ffa62 chromedriver + 4516450&#10;15  chromedriver                        0x000000010b54b8c8 chromedriver + 4827336&#10;16  chromedriver                        0x000000010b54ba45 chromedriver + 4827717&#10;17  chromedriver                        0x000000010b5617ef chromedriver + 4917231&#10;18  libsystem_pthread.dylib             0x00007ff80592c259 _pthread_start + 125&#10;19  libsystem_pthread.dylib             0x00007ff805927c7b thread_start + 15&#10;" type="org.openqa.selenium.SessionNotCreatedException">org.openqa.selenium.SessionNotCreatedException: 
session not created: This version of ChromeDriver only supports Chrome version 109
Current browser version is 111.0.5563.64 with binary path /Applications/Google Chrome.app/Contents/MacOS/Google Chrome
Build info: version: '3.14.0', revision: 'aacccce0', time: '2018-08-02T20:19:58.91Z'
System info: host: 'jojos-MBP.homenet.telecomitalia.it', ip: 'fe80:0:0:0:4bf:396e:8496:d2f4%en0', os.name: 'Mac OS X', os.arch: 'x86_64', os.version: '13.2.1', java.version: '19.0.1'
Driver info: driver.version: ChromeDriver
remote stacktrace: 0   chromedriver                        0x000000010b559fa8 chromedriver + 4886440
1   chromedriver                        0x000000010b4d7643 chromedriver + 4351555
2   chromedriver                        0x000000010b125b27 chromedriver + 477991
3   chromedriver                        0x000000010b157659 chromedriver + 681561
4   chromedriver                        0x000000010b1523bb chromedriver + 660411
5   chromedriver                        0x000000010b14e712 chromedriver + 644882
6   chromedriver                        0x000000010b199bd7 chromedriver + 953303
7   chromedriver                        0x000000010b1903a3 chromedriver + 914339
8   chromedriver                        0x000000010b15a57f chromedriver + 693631
9   chromedriver                        0x000000010b15bb1e chromedriver + 699166
10  chromedriver                        0x000000010b526b9e chromedriver + 4676510
11  chromedriver                        0x000000010b52b91e chromedriver + 4696350
12  chromedriver                        0x000000010b53319f chromedriver + 4727199
13  chromedriver                        0x000000010b52c81a chromedriver + 4700186
14  chromedriver                        0x000000010b4ffa62 chromedriver + 4516450
15  chromedriver                        0x000000010b54b8c8 chromedriver + 4827336
16  chromedriver                        0x000000010b54ba45 chromedriver + 4827717
17  chromedriver                        0x000000010b5617ef chromedriver + 4917231
18  libsystem_pthread.dylib             0x00007ff80592c259 _pthread_start + 125
19  libsystem_pthread.dylib             0x00007ff805927c7b thread_start + 15

</failure>
    <system-err><![CDATA[Starting ChromeDriver 109.0.5414.74 (e7c5703604daa9cc128ccf5a5d3e993513758913-refs/branch-heads/5414@{#1172}) on port 40262
Only local connections are allowed.
Please see https://chromedriver.chromium.org/security-considerations for suggestions on keeping ChromeDriver safe.
ChromeDriver was started successfully.
]]></system-err>
  </testcase>
  <testcase name="addNewCustomer" classname="TC.TC_AddCustomerTest_003" time="0">
    <skipped message="session not created: This version of ChromeDriver only supports Chrome version 109&#10;Current browser version is 111.0.5563.64 with binary path /Applications/Google Chrome.app/Contents/MacOS/Google Chrome&#10;Build info: version: &apos;3.14.0&apos;, revision: &apos;aacccce0&apos;, time: &apos;2018-08-02T20:19:58.91Z&apos;&#10;System info: host: &apos;jojos-MBP.homenet.telecomitalia.it&apos;, ip: &apos;fe80:0:0:0:4bf:396e:8496:d2f4%en0&apos;, os.name: &apos;Mac OS X&apos;, os.arch: &apos;x86_64&apos;, os.version: &apos;13.2.1&apos;, java.version: &apos;19.0.1&apos;&#10;Driver info: driver.version: ChromeDriver&#10;remote stacktrace: 0   chromedriver                        0x000000010b559fa8 chromedriver + 4886440&#10;1   chromedriver                        0x000000010b4d7643 chromedriver + 4351555&#10;2   chromedriver                        0x000000010b125b27 chromedriver + 477991&#10;3   chromedriver                        0x000000010b157659 chromedriver + 681561&#10;4   chromedriver                        0x000000010b1523bb chromedriver + 660411&#10;5   chromedriver                        0x000000010b14e712 chromedriver + 644882&#10;6   chromedriver                        0x000000010b199bd7 chromedriver + 953303&#10;7   chromedriver                        0x000000010b1903a3 chromedriver + 914339&#10;8   chromedriver                        0x000000010b15a57f chromedriver + 693631&#10;9   chromedriver                        0x000000010b15bb1e chromedriver + 699166&#10;10  chromedriver                        0x000000010b526b9e chromedriver + 4676510&#10;11  chromedriver                        0x000000010b52b91e chromedriver + 4696350&#10;12  chromedriver                        0x000000010b53319f chromedriver + 4727199&#10;13  chromedriver                        0x000000010b52c81a chromedriver + 4700186&#10;14  chromedriver                        0x000000010b4ffa62 chromedriver + 4516450&#10;15  chromedriver                        0x000000010b54b8c8 chromedriver + 4827336&#10;16  chromedriver                        0x000000010b54ba45 chromedriver + 4827717&#10;17  chromedriver                        0x000000010b5617ef chromedriver + 4917231&#10;18  libsystem_pthread.dylib             0x00007ff80592c259 _pthread_start + 125&#10;19  libsystem_pthread.dylib             0x00007ff805927c7b thread_start + 15&#10;"/>
  </testcase>
  <testcase name="addNewCustomer" classname="TC.TC_AddCustomerTest_003" time="3.094">
    <failure message="Element &lt;a href=&quot;addcustomerpage.php&quot;&gt; is not clickable at point (120,393) because another element &lt;div id=&quot;gdpr-consent-tool-wrapper&quot;&gt; obscures it&#10;Build info: version: &apos;3.14.0&apos;, revision: &apos;aacccce0&apos;, time: &apos;2018-08-02T20:19:58.91Z&apos;&#10;System info: host: &apos;jojos-MBP.homenet.telecomitalia.it&apos;, ip: &apos;fe80:0:0:0:4bf:396e:8496:d2f4%en0&apos;, os.name: &apos;Mac OS X&apos;, os.arch: &apos;x86_64&apos;, os.version: &apos;13.2.1&apos;, java.version: &apos;19.0.1&apos;&#10;Driver info: org.openqa.selenium.firefox.FirefoxDriver&#10;Capabilities {acceptInsecureCerts: true, browserName: firefox, browserVersion: 110.0.1, javascriptEnabled: true, moz:accessibilityChecks: false, moz:buildID: 20230227191043, moz:geckodriverVersion: 0.32.2, moz:headless: false, moz:platformVersion: 22.3.0, moz:processID: 66541, moz:profile: /var/folders/q8/qr6dk2915_d..., moz:shutdownTimeout: 60000, moz:useNonSpecCompliantPointerOrigin: false, moz:webdriverClick: true, moz:windowless: false, pageLoadStrategy: normal, platform: MAC, platformName: MAC, proxy: Proxy(), setWindowRect: true, strictFileInteractability: false, timeouts: {implicit: 0, pageLoad: 300000, script: 30000}, unhandledPromptBehavior: dismiss and notify}&#10;Session ID: 6caf6321-1a38-40aa-9a38-33672d9f4862" type="org.openqa.selenium.ElementClickInterceptedException"><![CDATA[org.openqa.selenium.ElementClickInterceptedException: 
Element <a href="addcustomerpage.php"> is not clickable at point (120,393) because another element <div id="gdpr-consent-tool-wrapper"> obscures it
Build info: version: '3.14.0', revision: 'aacccce0', time: '2018-08-02T20:19:58.91Z'
System info: host: 'jojos-MBP.homenet.telecomitalia.it', ip: 'fe80:0:0:0:4bf:396e:8496:d2f4%en0', os.name: 'Mac OS X', os.arch: 'x86_64', os.version: '13.2.1', java.version: '19.0.1'
Driver info: org.openqa.selenium.firefox.FirefoxDriver
Capabilities {acceptInsecureCerts: true, browserName: firefox, browserVersion: 110.0.1, javascriptEnabled: true, moz:accessibilityChecks: false, moz:buildID: 20230227191043, moz:geckodriverVersion: 0.32.2, moz:headless: false, moz:platformVersion: 22.3.0, moz:processID: 66541, moz:profile: /var/folders/q8/qr6dk2915_d..., moz:shutdownTimeout: 60000, moz:useNonSpecCompliantPointerOrigin: false, moz:webdriverClick: true, moz:windowless: false, pageLoadStrategy: normal, platform: MAC, platformName: MAC, proxy: Proxy(), setWindowRect: true, strictFileInteractability: false, timeouts: {implicit: 0, pageLoad: 300000, script: 30000}, unhandledPromptBehavior: dismiss and notify}
Session ID: 6caf6321-1a38-40aa-9a38-33672d9f4862
	at TC.TC_AddCustomerTest_003.addNewCustomer(TC_AddCustomerTest_003.java:26)
]]></failure>
    <system-out><![CDATA[ INFO [main] (TC_AddCustomerTest_003.java:19)- user name provided
 INFO [main] (TC_AddCustomerTest_003.java:21)- password provided
]]></system-out>
    <system-err><![CDATA[1678276491386	Marionette	INFO	Stopped listening on port 62288
1678276491908	geckodriver	INFO	Listening on 127.0.0.1:33515
1678276491916	mozrunner::runner	INFO	Running command: "/Applications/Firefox.app/Contents/MacOS/firefox-bin" "--marionette" "-foreground" "-no-remote" "-profile" "/var/folders/q8/qr6dk2915_d3szxdfnwhzrfc0000gn/T/rust_mozprofilefbPUdl"
console.warn: services.settings: Ignoring preference override of remote settings server
console.warn: services.settings: Allow by setting MOZ_REMOTE_SETTINGS_DEVTOOLS=1 in the environment
1678276492475	Marionette	INFO	Marionette enabled
1678276492565	Marionette	INFO	Listening on port 62403
Read port: 62403
1678276492850	RemoteAgent	WARN	TLS certificate errors will be ignored for this session
console.warn: SearchSettings: "get: No settings file exists, new profile?" (new NotFoundError("Could not open the file at /var/folders/q8/qr6dk2915_d3szxdfnwhzrfc0000gn/T/rust_mozprofilefbPUdl/search.json.mozlz4", (void 0)))
Mar 08, 2023 12:54:54 PM org.openqa.selenium.remote.ProtocolHandshake createSession
INFO: Detected dialect: W3C
console.warn: LoginRecipes: "Falling back to a synchronous message for: https://demo.guru99.com."
console.warn: LoginRecipes: "Falling back to a synchronous message for: https://demo.guru99.com."
1678276496859	Marionette	WARN	Ignoring event 'DOMContentLoaded' because document has an invalid readyState of 'complete'.
]]></system-err>
  </testcase>
  <testcase name="tearDown" classname="TC.TC_AddCustomerTest_003" time="0">
    <skipped/>
  </testcase>
</testsuite>