<?xml version="1.0" encoding="UTF-8"?>
<!-- Generated by org.testng.reporters.JUnitReportReporter -->
<testsuite hostname="jojos-MBP.homenet.telecomitalia.it" failures="0" tests="1" name="TC.TC_LoginDDT_002" time="0.000" errors="0" timestamp="2023-03-07T12:12:09 CET" skipped="1">
  <testcase classname="TC.TC_LoginDDT_002" name="loginDDT" time="0.000">
    <skipped/>
  </testcase> <!-- loginDDT -->
  <system-out/>
</testsuite> <!-- TC.TC_LoginDDT_002 -->
