<?xml version="1.0" encoding="UTF-8"?>
<!-- Generated by org.testng.reporters.JUnitReportReporter -->
<testsuite hostname="jojos-MBP.homenet.telecomitalia.it" failures="0" tests="1" name="TC.TC_LoginTest_001" time="0.111" errors="0" timestamp="2023-03-07T12:12:09 CET" skipped="0">
  <testcase classname="TC.TC_LoginTest_001" name="loginTest" time="0.111"/>
  <system-out/>
</testsuite> <!-- TC.TC_LoginTest_001 -->
