<?xml version="1.0" encoding="UTF-8"?>
<!-- Generated by org.testng.reporters.JUnitReportReporter -->
<testsuite hostname="jojos-MBP.homenet.telecomitalia.it" failures="0" tests="1" name="SecurityTest.ZapSecurityTest" time="7.332" errors="0" timestamp="2023-04-05T15:11:05 CEST" skipped="0">
  <testcase classname="SecurityTest.ZapSecurityTest" name="demoGuru99" time="7.332"/>
  <system-out/>
</testsuite> <!-- SecurityTest.ZapSecurityTest -->
